
> system@1.0.0 build
> vite build && node -e "require('fs').copyFileSync('dist/index.html', 'lt.html')"

[36mvite v7.3.1 [32mbuilding client environment for production...[36m[39m
[33m
Unable to parse HTML; parse5 error code end-tag-without-matching-open-element
 at C:/Users/loru/Desktop/system/src/index.html:844:5
867 |              #login-overlay {
868 |                  background-size: 10px 10px !important;
869 |                  /* 点阵变小 */
    |                ^^^^^^^^
870 |                  padding: 20px !important;
871 |                  align-items: flex-start !important;[39m
[32m✓[39m 0 modules transformed.
[31m✗[39m Build failed in 93ms
[31merror during build:
[31m[vite:build-html] Failed to resolve ./assets/js/cloud.js from C:/Users/loru/Desktop/system/src/index.html[31m
file: [36mC:/Users/loru/Desktop/system/src/index.html[31m
    at file:///C:/Users/loru/Desktop/system/node_modules/vite/dist/node/chunks/config.js:23919:64
    at async Promise.all (index 0)
    at async Object.handler (file:///C:/Users/loru/Desktop/system/node_modules/vite/dist/node/chunks/config.js:24016:5)
    at async transform (file:///C:/Users/loru/Desktop/system/node_modules/rollup/dist/es/shared/node-entry.js:21246:16)
    at async ModuleLoader.addModuleSource (file:///C:/Users/loru/Desktop/system/node_modules/rollup/dist/es/shared/node-entry.js:21474:36)[39m
